# JRE version: OpenJDK Runtime Environment (17.0.6) (build 17.0.6+0-b2043.56-10027231)
# Java VM: OpenJDK 64-Bit Server VM (17.0.6+0-b2043.56-10027231, mixed mode, tiered, compressed oops, compressed class ptrs, g1 gc, windows-amd64)
GC Precious Log:
 CPUs: 8 total, 8 available
 Memory: 16092M
 Large Page Support: Disabled
 NUMA Support: Disabled
 Compressed Oops: Enabled (32-bit)
 Heap Region Size: 1M
 Heap Min Capacity: 8M
 Heap Initial Capacity: 252M
 Heap Max Capacity: 2G
 Pre-touch: Disabled
 Parallel Workers: 8
 Concurrent Workers: 2
 Concurrent Refinement Workers: 8
 Periodic GC: Disabled
Heap:
 garbage-first heap   total 294912K, used 241557K [0x0000000080000000, 0x0000000100000000)
  region size 1024K, 96 young (98304K), 14 survivors (14336K)
 Metaspace       used 117887K, committed 118784K, reserved 1155072K
  class space    used 15551K, committed 16000K, reserved 1048576K
GC Heap History (20 events):
Event: 7.311 GC heap before
{Heap before GC invocations=32 (full 0):
 garbage-first heap   total 294912K, used 226889K [0x0000000080000000, 0x0000000100000000)
  region size 1024K, 132 young (135168K), 2 survivors (2048K)
 Metaspace       used 74005K, committed 74624K, reserved 1114112K
  class space    used 9807K, committed 10048K, reserved 1048576K
}
Event: 7.318 GC heap after
{Heap after GC invocations=33 (full 0):
 garbage-first heap   total 294912K, used 96144K [0x0000000080000000, 0x0000000100000000)
  region size 1024K, 11 young (11264K), 11 survivors (11264K)
 Metaspace       used 74005K, committed 74624K, reserved 1114112K
  class space    used 9807K, committed 10048K, reserved 1048576K
}
Event: 7.335 GC heap before
{Heap before GC invocations=33 (full 0):
 garbage-first heap   total 294912K, used 99216K [0x0000000080000000, 0x0000000100000000)
  region size 1024K, 14 young (14336K), 11 survivors (11264K)
 Metaspace       used 74020K, committed 74624K, reserved 1114112K
  class space    used 9809K, committed 10048K, reserved 1048576K
}
Event: 7.340 GC heap after
{Heap after GC invocations=34 (full 0):
 garbage-first heap   total 294912K, used 97204K [0x0000000080000000, 0x0000000100000000)
  region size 1024K, 2 young (2048K), 2 survivors (2048K)
 Metaspace       used 74020K, committed 74624K, reserved 1114112K
  class space    used 9809K, committed 10048K, reserved 1048576K
}
Event: 8.757 GC heap before
{Heap before GC invocations=34 (full 0):
 garbage-first heap   total 294912K, used 243636K [0x0000000080000000, 0x0000000100000000)
  region size 1024K, 123 young (125952K), 2 survivors (2048K)
 Metaspace       used 87194K, committed 87936K, reserved 1130496K
  class space    used 11757K, committed 12096K, reserved 1048576K
}
Event: 8.763 GC heap after
{Heap after GC invocations=35 (full 0):
 garbage-first heap   total 294912K, used 130235K [0x0000000080000000, 0x0000000100000000)
  region size 1024K, 12 young (12288K), 12 survivors (12288K)
 Metaspace       used 87194K, committed 87936K, reserved 1130496K
  class space    used 11757K, committed 12096K, reserved 1048576K
}
Event: 10.260 GC heap before
{Heap before GC invocations=35 (full 0):
 garbage-first heap   total 294912K, used 227515K [0x0000000080000000, 0x0000000100000000)
  region size 1024K, 108 young (110592K), 12 survivors (12288K)
 Metaspace       used 97291K, committed 97984K, reserved 1138688K
  class space    used 13042K, committed 13376K, reserved 1048576K
}
Event: 10.270 GC heap after
{Heap after GC invocations=36 (full 0):
 garbage-first heap   total 294912K, used 139199K [0x0000000080000000, 0x0000000100000000)
  region size 1024K, 9 young (9216K), 9 survivors (9216K)
 Metaspace       used 97291K, committed 97984K, reserved 1138688K
  class space    used 13042K, committed 13376K, reserved 1048576K
}
Event: 36.131 GC heap before
{Heap before GC invocations=36 (full 0):
 garbage-first heap   total 294912K, used 234431K [0x0000000080000000, 0x0000000100000000)
  region size 1024K, 102 young (104448K), 9 survivors (9216K)
 Metaspace       used 98365K, committed 99072K, reserved 1138688K
  class space    used 13136K, committed 13504K, reserved 1048576K
}
Event: 36.136 GC heap after
{Heap after GC invocations=37 (full 0):
 garbage-first heap   total 294912K, used 137906K [0x0000000080000000, 0x0000000100000000)
  region size 1024K, 3 young (3072K), 3 survivors (3072K)
 Metaspace       used 98365K, committed 99072K, reserved 1138688K
  class space    used 13136K, committed 13504K, reserved 1048576K
}
Event: 38.318 GC heap before
{Heap before GC invocations=38 (full 0):
 garbage-first heap   total 294912K, used 239282K [0x0000000080000000, 0x0000000100000000)
  region size 1024K, 102 young (104448K), 3 survivors (3072K)
 Metaspace       used 98392K, committed 99200K, reserved 1138688K
  class space    used 13128K, committed 13504K, reserved 1048576K
}
Event: 38.319 GC heap after
{Heap after GC invocations=39 (full 0):
 garbage-first heap   total 294912K, used 137541K [0x0000000080000000, 0x0000000100000000)
  region size 1024K, 3 young (3072K), 3 survivors (3072K)
 Metaspace       used 98392K, committed 99200K, reserved 1138688K
  class space    used 13128K, committed 13504K, reserved 1048576K
}
Event: 38.549 GC heap before
{Heap before GC invocations=39 (full 0):
 garbage-first heap   total 294912K, used 148805K [0x0000000080000000, 0x0000000100000000)
  region size 1024K, 14 young (14336K), 3 survivors (3072K)
 Metaspace       used 100134K, committed 100864K, reserved 1138688K
  class space    used 13323K, committed 13632K, reserved 1048576K
}
Event: 38.553 GC heap after
{Heap after GC invocations=40 (full 0):
 garbage-first heap   total 294912K, used 137795K [0x0000000080000000, 0x0000000100000000)
  region size 1024K, 1 young (1024K), 1 survivors (1024K)
 Metaspace       used 100134K, committed 100864K, reserved 1138688K
  class space    used 13323K, committed 13632K, reserved 1048576K
}
Event: 46.264 GC heap before
{Heap before GC invocations=40 (full 0):
 garbage-first heap   total 294912K, used 243267K [0x0000000080000000, 0x0000000100000000)
  region size 1024K, 105 young (107520K), 1 survivors (1024K)
 Metaspace       used 106628K, committed 107392K, reserved 1146880K
  class space    used 14196K, committed 14528K, reserved 1048576K
}
Event: 46.270 GC heap after
{Heap after GC invocations=41 (full 0):
 garbage-first heap   total 294912K, used 142747K [0x0000000080000000, 0x0000000100000000)
  region size 1024K, 6 young (6144K), 6 survivors (6144K)
 Metaspace       used 106628K, committed 107392K, reserved 1146880K
  class space    used 14196K, committed 14528K, reserved 1048576K
}
Event: 47.205 GC heap before
{Heap before GC invocations=41 (full 0):
 garbage-first heap   total 294912K, used 244123K [0x0000000080000000, 0x0000000100000000)
  region size 1024K, 106 young (108544K), 6 survivors (6144K)
 Metaspace       used 109540K, committed 110272K, reserved 1146880K
  class space    used 14523K, committed 14848K, reserved 1048576K
}
Event: 47.214 GC heap after
{Heap after GC invocations=42 (full 0):
 garbage-first heap   total 294912K, used 148890K [0x0000000080000000, 0x0000000100000000)
  region size 1024K, 12 young (12288K), 12 survivors (12288K)
 Metaspace       used 109540K, committed 110272K, reserved 1146880K
  class space    used 14523K, committed 14848K, reserved 1048576K
}
Event: 146.662 GC heap before
{Heap before GC invocations=42 (full 0):
 garbage-first heap   total 294912K, used 245146K [0x0000000080000000, 0x0000000100000000)
  region size 1024K, 107 young (109568K), 12 survivors (12288K)
 Metaspace       used 113610K, committed 114560K, reserved 1155072K
  class space    used 15049K, committed 15552K, reserved 1048576K
}
Event: 146.675 GC heap after
{Heap after GC invocations=43 (full 0):
 garbage-first heap   total 294912K, used 159637K [0x0000000080000000, 0x0000000100000000)
  region size 1024K, 14 young (14336K), 14 survivors (14336K)
 Metaspace       used 113610K, committed 114560K, reserved 1155072K
  class space    used 15049K, committed 15552K, reserved 1048576K
}

