# JRE version: OpenJDK Runtime Environment (11.0.13) (build 11.0.13+0-b1751.21-8125866)
# Java VM: OpenJDK 64-Bit Server VM (11.0.13+0-b1751.21-8125866, mixed mode, tiered, compressed oops, g1 gc, windows-amd64)
Heap:
 garbage-first heap   total 258048K, used 146496K [0x0000000080000000, 0x0000000100000000)
  region size 1024K, 35 young (35840K), 2 survivors (2048K)
 Metaspace       used 120328K, capacity 123642K, committed 127368K, reserved 1159168K
  class space    used 15213K, capacity 16471K, committed 17952K, reserved 1048576K
GC Heap History (20 events):
Event: 21.598 GC heap before
{Heap before GC invocations=16 (full 0):
 garbage-first heap   total 258048K, used 204645K [0x0000000080000000, 0x0000000100000000)
  region size 1024K, 139 young (142336K), 13 survivors (13312K)
 Metaspace       used 98022K, capacity 100329K, committed 100432K, reserved 1136640K
  class space    used 12532K, capacity 13409K, committed 13472K, reserved 1048576K
}
Event: 21.613 GC heap after
{Heap after GC invocations=17 (full 0):
 garbage-first heap   total 258048K, used 86522K [0x0000000080000000, 0x0000000100000000)
  region size 1024K, 17 young (17408K), 17 survivors (17408K)
 Metaspace       used 98022K, capacity 100329K, committed 100432K, reserved 1136640K
  class space    used 12532K, capacity 13409K, committed 13472K, reserved 1048576K
}
Event: 21.666 GC heap before
{Heap before GC invocations=17 (full 0):
 garbage-first heap   total 258048K, used 89594K [0x0000000080000000, 0x0000000100000000)
  region size 1024K, 21 young (21504K), 17 survivors (17408K)
 Metaspace       used 98800K, capacity 101133K, committed 101256K, reserved 1136640K
  class space    used 12632K, capacity 13530K, committed 13600K, reserved 1048576K
}
Event: 21.689 GC heap after
{Heap after GC invocations=18 (full 0):
 garbage-first heap   total 258048K, used 88705K [0x0000000080000000, 0x0000000100000000)
  region size 1024K, 3 young (3072K), 3 survivors (3072K)
 Metaspace       used 98800K, capacity 101133K, committed 101256K, reserved 1136640K
  class space    used 12632K, capacity 13530K, committed 13600K, reserved 1048576K
}
Event: 23.841 GC heap before
{Heap before GC invocations=19 (full 0):
 garbage-first heap   total 258048K, used 182913K [0x0000000080000000, 0x0000000100000000)
  region size 1024K, 92 young (94208K), 3 survivors (3072K)
 Metaspace       used 106247K, capacity 108941K, committed 109192K, reserved 1144832K
  class space    used 13546K, capacity 14516K, committed 14624K, reserved 1048576K
}
Event: 23.857 GC heap after
{Heap after GC invocations=20 (full 0):
 garbage-first heap   total 258048K, used 101709K [0x0000000080000000, 0x0000000100000000)
  region size 1024K, 12 young (12288K), 12 survivors (12288K)
 Metaspace       used 106247K, capacity 108941K, committed 109192K, reserved 1144832K
  class space    used 13546K, capacity 14516K, committed 14624K, reserved 1048576K
}
Event: 25.033 GC heap before
{Heap before GC invocations=21 (full 0):
 garbage-first heap   total 258048K, used 185677K [0x0000000080000000, 0x0000000100000000)
  region size 1024K, 95 young (97280K), 12 survivors (12288K)
 Metaspace       used 115725K, capacity 119980K, committed 120072K, reserved 1153024K
  class space    used 15336K, capacity 17041K, committed 17056K, reserved 1048576K
}
Event: 25.044 GC heap after
{Heap after GC invocations=22 (full 0):
 garbage-first heap   total 258048K, used 106583K [0x0000000080000000, 0x0000000100000000)
  region size 1024K, 7 young (7168K), 7 survivors (7168K)
 Metaspace       used 115725K, capacity 119980K, committed 120072K, reserved 1153024K
  class space    used 15336K, capacity 17041K, committed 17056K, reserved 1048576K
}
Event: 140.691 GC heap before
{Heap before GC invocations=22 (full 0):
 garbage-first heap   total 258048K, used 204887K [0x0000000080000000, 0x0000000100000000)
  region size 1024K, 90 young (92160K), 7 survivors (7168K)
 Metaspace       used 120159K, capacity 124703K, committed 124936K, reserved 1157120K
  class space    used 15945K, capacity 17784K, committed 17824K, reserved 1048576K
}
Event: 140.700 GC heap after
{Heap after GC invocations=23 (full 0):
 garbage-first heap   total 258048K, used 106289K [0x0000000080000000, 0x0000000100000000)
  region size 1024K, 7 young (7168K), 7 survivors (7168K)
 Metaspace       used 120159K, capacity 124703K, committed 124936K, reserved 1157120K
  class space    used 15945K, capacity 17784K, committed 17824K, reserved 1048576K
}
Event: 143.249 GC heap before
{Heap before GC invocations=23 (full 0):
 garbage-first heap   total 258048K, used 197425K [0x0000000080000000, 0x0000000100000000)
  region size 1024K, 95 young (97280K), 7 survivors (7168K)
 Metaspace       used 121127K, capacity 125563K, committed 125704K, reserved 1157120K
  class space    used 15964K, capacity 17817K, committed 17824K, reserved 1048576K
}
Event: 143.265 GC heap after
{Heap after GC invocations=24 (full 0):
 garbage-first heap   total 258048K, used 113914K [0x0000000080000000, 0x0000000100000000)
  region size 1024K, 12 young (12288K), 12 survivors (12288K)
 Metaspace       used 121127K, capacity 125563K, committed 125704K, reserved 1157120K
  class space    used 15964K, capacity 17817K, committed 17824K, reserved 1048576K
}
Event: 172.151 GC heap before
{Heap before GC invocations=24 (full 0):
 garbage-first heap   total 258048K, used 215290K [0x0000000080000000, 0x0000000100000000)
  region size 1024K, 98 young (100352K), 12 survivors (12288K)
 Metaspace       used 121802K, capacity 126357K, committed 126600K, reserved 1159168K
  class space    used 15991K, capacity 17861K, committed 17952K, reserved 1048576K
}
Event: 172.169 GC heap after
{Heap after GC invocations=25 (full 0):
 garbage-first heap   total 258048K, used 121043K [0x0000000080000000, 0x0000000100000000)
  region size 1024K, 13 young (13312K), 13 survivors (13312K)
 Metaspace       used 121802K, capacity 126357K, committed 126600K, reserved 1159168K
  class space    used 15991K, capacity 17861K, committed 17952K, reserved 1048576K
}
Event: 173.234 GC heap before
{Heap before GC invocations=25 (full 0):
 garbage-first heap   total 258048K, used 163027K [0x0000000080000000, 0x0000000100000000)
  region size 1024K, 48 young (49152K), 13 survivors (13312K)
 Metaspace       used 122171K, capacity 126771K, committed 126856K, reserved 1159168K
  class space    used 16004K, capacity 17885K, committed 17952K, reserved 1048576K
}
Event: 173.268 GC heap after
{Heap after GC invocations=26 (full 0):
 garbage-first heap   total 258048K, used 132190K [0x0000000080000000, 0x0000000100000000)
  region size 1024K, 5 young (5120K), 5 survivors (5120K)
 Metaspace       used 122171K, capacity 126771K, committed 126856K, reserved 1159168K
  class space    used 16004K, capacity 17885K, committed 17952K, reserved 1048576K
}
Event: 204.428 GC heap before
{Heap before GC invocations=27 (full 0):
 garbage-first heap   total 258048K, used 192606K [0x0000000080000000, 0x0000000100000000)
  region size 1024K, 62 young (63488K), 5 survivors (5120K)
 Metaspace       used 120163K, capacity 123399K, committed 127112K, reserved 1159168K
  class space    used 15207K, capacity 16460K, committed 17952K, reserved 1048576K
}
Event: 204.435 GC heap after
{Heap after GC invocations=28 (full 0):
 garbage-first heap   total 258048K, used 127625K [0x0000000080000000, 0x0000000100000000)
  region size 1024K, 8 young (8192K), 8 survivors (8192K)
 Metaspace       used 120163K, capacity 123399K, committed 127112K, reserved 1159168K
  class space    used 15207K, capacity 16460K, committed 17952K, reserved 1048576K
}
Event: 204.489 GC heap before
{Heap before GC invocations=28 (full 0):
 garbage-first heap   total 258048K, used 131721K [0x0000000080000000, 0x0000000100000000)
  region size 1024K, 12 young (12288K), 8 survivors (8192K)
 Metaspace       used 120196K, capacity 123432K, committed 127112K, reserved 1159168K
  class space    used 15212K, capacity 16470K, committed 17952K, reserved 1048576K
}
Event: 204.498 GC heap after
{Heap after GC invocations=29 (full 0):
 garbage-first heap   total 258048K, used 113728K [0x0000000080000000, 0x0000000100000000)
  region size 1024K, 2 young (2048K), 2 survivors (2048K)
 Metaspace       used 120196K, capacity 123432K, committed 127112K, reserved 1159168K
  class space    used 15212K, capacity 16470K, committed 17952K, reserved 1048576K
}

